<?xml version="1.0" encoding="UTF-8"?>
<!-- Generated by org.testng.reporters.JUnitReportReporter -->
<testsuite name="com.zhaopin.uitest.cases.TestCase01" tests="1" time="1.656" ignored="0" failures="0" timestamp="06 Mar 2018 06:59:40 GMT" skipped="0" hostname="xuyaovs-PC" errors="0">
  <testcase name="testCase01" time="1.656" classname="com.zhaopin.uitest.cases.TestCase01"/>
</testsuite> <!-- com.zhaopin.uitest.cases.TestCase01 -->
